Command line:
   mux_tb_isim_beh.exe
     -simmode  gui
     -simrunnum  0
     -socket  42206

Mon Dec 28 19:13:56 2015


 Elaboration Time: 0.02 sec

 Current Memory Usage: 196.067 Meg

 Total Signals          : 15
 Total Nets             : 27
 Total Signal Drivers   : 8
 Total Blocks           : 6
 Total Primitive Blocks : 5
 Total Processes        : 3
 Total Traceable Variables  : 16
 Total Scalar Nets and Variables : 529
Total Line Count : 26

** Failure:Fin de la simulacion
User(VHDL) Code Called Simulation Stop
In process mux_tb.vhd:stim_proc 
 


 Total Simulation Time: 0.16 sec

 Current Memory Usage: 271.569 Meg

Mon Dec 28 19:14:30 2015

