Command line:
   timer_tb_isim_beh.exe
     -simmode  gui
     -simrunnum  0
     -socket  41709

Mon Dec 28 19:13:12 2015


 Elaboration Time: 0.03 sec

 Current Memory Usage: 196.067 Meg

 Total Signals          : 7
 Total Nets             : 4
 Total Signal Drivers   : 4
 Total Blocks           : 6
 Total Primitive Blocks : 5
 Total Processes        : 4
 Total Traceable Variables  : 16
 Total Scalar Nets and Variables : 506
Total Line Count : 20

** Failure:Fin de la simulacion
User(VHDL) Code Called Simulation Stop
In process timer_tb.vhd:stim_proc 
 


 Total Simulation Time: 0.09 sec

 Current Memory Usage: 271.569 Meg

Mon Dec 28 19:13:22 2015

