Command line:
   top_tb_isim_beh.exe
     -simmode  gui
     -simrunnum  0
     -socket  52676

Sun Jan  3 13:52:27 2016


 Elaboration Time: 0.03 sec

 Current Memory Usage: 196.067 Meg

 Total Signals          : 49
 Total Nets             : 93
 Total Signal Drivers   : 16
 Total Blocks           : 12
 Total Primitive Blocks : 10
 Total Processes        : 10
 Total Traceable Variables  : 21
 Total Scalar Nets and Variables : 600
Total Line Count : 62

 Total Simulation Time: 0.12 sec

 Current Memory Usage: 271.569 Meg

Sun Jan  3 13:53:54 2016

